<?xml version="1.0" encoding="UTF-8"?>
<!-- Generated by org.testng.reporters.JUnitXMLReporter -->
<testsuite hostname="LAPTOP-25FBABEP" ignored="2" tests="0" failures="0" timestamp="26 Apr 2018 01:35:21 GMT" time="4.272" errors="0">
  <testcase name="TestCase1_Login_Verify" time="0.0" classname="com.test.LoginPageTest">
    <ignored/>
  </testcase> <!-- TestCase1_Login_Verify -->
  <testcase name="TestCase2_Login_Failed" time="0.0" classname="com.test.LoginPageTest">
    <ignored/>
  </testcase> <!-- TestCase2_Login_Failed -->
</testsuite>
