<?xml version="1.0" encoding="UTF-8"?>
<!-- Generated by org.testng.reporters.JUnitXMLReporter -->
<testsuite hostname="LAPTOP-25FBABEP" ignored="0" name="Passion Tea Co Test - Chrome" tests="2" failures="0" timestamp="25 Apr 2018 15:33:24 GMT" time="9.36" errors="0">
  <testcase name="TestCase1_Login_Verify" time="0.85" classname="com.test.LoginPageTest"/>
  <testcase name="TestCase1_Login_Verify" time="0.828" classname="com.test.LoginPageTest"/>
</testsuite> <!-- Passion Tea Co Test - Chrome -->
