<?xml version="1.0" encoding="UTF-8"?>
<!-- Generated by org.testng.reporters.JUnitXMLReporter -->
<testsuite hostname="LAPTOP-25FBABEP" ignored="1" name="LoginApp - Browser - Microsoft Edge" tests="2" failures="0" timestamp="26 Apr 2018 01:55:40 GMT" time="20.681" errors="0">
  <testcase name="TestCase1_Login_Verify" time="0.063" classname="com.test.LoginPageTest"/>
  <testcase name="TestCase1_Login_Verify" time="0.053" classname="com.test.LoginPageTest"/>
  <testcase name="TestCase2_Login_Failed" time="0.0" classname="com.test.LoginPageTest">
    <ignored/>
  </testcase> <!-- TestCase2_Login_Failed -->
</testsuite> <!-- LoginApp - Browser - Microsoft Edge -->
