<?xml version="1.0" encoding="UTF-8"?>
<!-- Generated by org.testng.reporters.JUnitXMLReporter -->
<testsuite hostname="LAPTOP-25FBABEP" ignored="1" name="LoginApp - Browser - Microsoft Edge" tests="2" failures="0" timestamp="25 Apr 2018 16:16:36 GMT" time="6.644" errors="0">
  <testcase name="TestCase1_Login_Verify" time="0.111" classname="com.test.LoginPageTest"/>
  <testcase name="TestCase1_Login_Verify" time="0.075" classname="com.test.LoginPageTest"/>
  <testcase name="TestCase2_Login_Failed" time="0.0" classname="com.test.LoginPageTest">
    <ignored/>
  </testcase> <!-- TestCase2_Login_Failed -->
</testsuite> <!-- LoginApp - Browser - Microsoft Edge -->
