<?xml version="1.0" encoding="UTF-8"?>
<!-- Generated by org.testng.reporters.JUnitXMLReporter -->
<testsuite hostname="LAPTOP-25FBABEP" ignored="1" name="LoginApp - Browser - Chrome" tests="2" failures="0" timestamp="25 Apr 2018 16:16:46 GMT" time="10.112" errors="0">
  <testcase name="TestCase1_Login_Verify" time="1.097" classname="com.test.LoginPageTest"/>
  <testcase name="TestCase1_Login_Verify" time="1.039" classname="com.test.LoginPageTest"/>
  <testcase name="TestCase2_Login_Failed" time="0.0" classname="com.test.LoginPageTest">
    <ignored/>
  </testcase> <!-- TestCase2_Login_Failed -->
</testsuite> <!-- LoginApp - Browser - Chrome -->
