<?xml version="1.0" encoding="UTF-8"?>
<testng-results skipped="0" failed="0" ignored="2" total="6" passed="4">
  <reporter-output>
  </reporter-output>
  <suite name="LoginApp" duration-ms="16829" started-at="2018-04-25T16:16:29Z" finished-at="2018-04-25T16:16:46Z">
    <groups>
      <group name="loginGroup">
        <method signature="LoginPageTest.TestCase1_Login_Verify(java.lang.String, java.lang.String, org.json.simple.JSONObject)[pri:0, instance:com.test.LoginPageTest@3b81a1bc]" name="TestCase1_Login_Verify" class="com.test.LoginPageTest"/>
        <method signature="LoginPageTest.TestCase1_Login_Verify(java.lang.String, java.lang.String, org.json.simple.JSONObject)[pri:0, instance:com.test.LoginPageTest@1936f0f5]" name="TestCase1_Login_Verify" class="com.test.LoginPageTest"/>
      </group> <!-- loginGroup -->
    </groups>
    <test name="LoginApp - Browser - Microsoft Edge" duration-ms="6644" started-at="2018-04-25T16:16:29Z" finished-at="2018-04-25T16:16:36Z">
      <class name="com.test.LoginPageTest">
        <test-method status="PASS" signature="testSetup(java.lang.String, java.lang.String, java.lang.String, java.lang.String, org.testng.ITestContext)[pri:0, instance:com.test.LoginPageTest@3b81a1bc]" name="testSetup" is-config="true" duration-ms="2754" started-at="2018-04-25T12:16:29Z" finished-at="2018-04-25T12:16:32Z">
          <params>
            <param index="0">
              <value>
                <![CDATA[edge]]>
              </value>
            </param>
            <param index="1">
              <value>
                <![CDATA[Windows 10]]>
              </value>
            </param>
            <param index="2">
              <value is-null="true"/>
            </param>
            <param index="3">
              <value is-null="true"/>
            </param>
            <param index="4">
              <value>
                <![CDATA[org.testng.TestRunner@10289886]]>
              </value>
            </param>
          </params>
          <reporter-output>
          </reporter-output>
        </test-method> <!-- testSetup -->
        <test-method status="PASS" signature="testClassSetup(org.testng.ITestContext)[pri:0, instance:com.test.LoginPageTest@3b81a1bc]" name="testClassSetup" is-config="true" duration-ms="678" started-at="2018-04-25T12:16:32Z" finished-at="2018-04-25T12:16:33Z">
          <params>
            <param index="0">
              <value>
                <![CDATA[org.testng.TestRunner@10289886]]>
              </value>
            </param>
          </params>
          <reporter-output>
          </reporter-output>
        </test-method> <!-- testClassSetup -->
        <test-method status="PASS" signature="testMethodSetup(org.testng.ITestResult)[pri:0, instance:com.test.LoginPageTest@3b81a1bc]" name="testMethodSetup" is-config="true" duration-ms="0" started-at="2018-04-25T12:16:33Z" finished-at="2018-04-25T12:16:33Z">
          <params>
            <param index="0">
              <value>
                <![CDATA[[TestResult name=TestCase1_Login_Verify status=SUCCESS method=LoginPageTest.TestCase1_Login_Verify(java.lang.String, java.lang.String, org.json.simple.JSONObject)[pri:0, instance:com.test.LoginPageTest@3b81a1bc] output={null}]]]>
              </value>
            </param>
          </params>
          <reporter-output>
          </reporter-output>
        </test-method> <!-- testMethodSetup -->
        <test-method status="PASS" signature="TestCase1_Login_Verify(java.lang.String, java.lang.String, org.json.simple.JSONObject)[pri:0, instance:com.test.LoginPageTest@3b81a1bc]" name="TestCase1_Login_Verify" duration-ms="111" started-at="2018-04-25T12:16:33Z" data-provider="fetchData_JSON" finished-at="2018-04-25T12:16:33Z">
          <params>
            <param index="0">
              <value>
                <![CDATA[TestCase1_Login_Verify.01]]>
              </value>
            </param>
            <param index="1">
              <value>
                <![CDATA[Login to Account with correct crdentials]]>
              </value>
            </param>
            <param index="2">
              <value>
                <![CDATA[{"password":"Welcome","description":"Login to Account with correct crdentials","rowID":"TestCase1_Login_Verify.01","username":"Welcome"}]]>
              </value>
            </param>
          </params>
          <reporter-output>
          </reporter-output>
        </test-method> <!-- TestCase1_Login_Verify -->
        <test-method status="PASS" signature="testMethodTeardown(org.testng.ITestResult)[pri:0, instance:com.test.LoginPageTest@3b81a1bc]" name="testMethodTeardown" is-config="true" duration-ms="7" started-at="2018-04-25T12:16:33Z" finished-at="2018-04-25T12:16:33Z">
          <params>
            <param index="0">
              <value>
                <![CDATA[[TestResult name=TestCase1_Login_Verify status=SUCCESS method=LoginPageTest.TestCase1_Login_Verify(java.lang.String, java.lang.String, org.json.simple.JSONObject)[pri:0, instance:com.test.LoginPageTest@3b81a1bc] output={null}]]]>
              </value>
            </param>
          </params>
          <reporter-output>
          </reporter-output>
        </test-method> <!-- testMethodTeardown -->
        <test-method status="PASS" signature="testMethodSetup(org.testng.ITestResult)[pri:0, instance:com.test.LoginPageTest@3b81a1bc]" name="testMethodSetup" is-config="true" duration-ms="1" started-at="2018-04-25T12:16:33Z" finished-at="2018-04-25T12:16:33Z">
          <params>
            <param index="0">
              <value>
                <![CDATA[[TestResult name=TestCase1_Login_Verify status=SUCCESS method=LoginPageTest.TestCase1_Login_Verify(java.lang.String, java.lang.String, org.json.simple.JSONObject)[pri:0, instance:com.test.LoginPageTest@3b81a1bc] output={null}]]]>
              </value>
            </param>
          </params>
          <reporter-output>
          </reporter-output>
        </test-method> <!-- testMethodSetup -->
        <test-method status="PASS" signature="TestCase1_Login_Verify(java.lang.String, java.lang.String, org.json.simple.JSONObject)[pri:0, instance:com.test.LoginPageTest@3b81a1bc]" name="TestCase1_Login_Verify" duration-ms="75" started-at="2018-04-25T12:16:33Z" data-provider="fetchData_JSON" finished-at="2018-04-25T12:16:33Z">
          <params>
            <param index="0">
              <value>
                <![CDATA[TestCase1_Login_Verify.02]]>
              </value>
            </param>
            <param index="1">
              <value>
                <![CDATA[Login to Account with incorrect credentials]]>
              </value>
            </param>
            <param index="2">
              <value>
                <![CDATA[{"password":"Welcome","description":"Login to Account with incorrect credentials","rowID":"TestCase1_Login_Verify.02","username":"Welcome"}]]>
              </value>
            </param>
          </params>
          <reporter-output>
          </reporter-output>
        </test-method> <!-- TestCase1_Login_Verify -->
        <test-method status="PASS" signature="testMethodTeardown(org.testng.ITestResult)[pri:0, instance:com.test.LoginPageTest@3b81a1bc]" name="testMethodTeardown" is-config="true" duration-ms="3" started-at="2018-04-25T12:16:33Z" finished-at="2018-04-25T12:16:33Z">
          <params>
            <param index="0">
              <value>
                <![CDATA[[TestResult name=TestCase1_Login_Verify status=SUCCESS method=LoginPageTest.TestCase1_Login_Verify(java.lang.String, java.lang.String, org.json.simple.JSONObject)[pri:0, instance:com.test.LoginPageTest@3b81a1bc] output={null}]]]>
              </value>
            </param>
          </params>
          <reporter-output>
          </reporter-output>
        </test-method> <!-- testMethodTeardown -->
        <test-method status="PASS" signature="testClassTeardown(org.testng.ITestContext)[pri:0, instance:com.test.LoginPageTest@3b81a1bc]" name="testClassTeardown" is-config="true" duration-ms="0" started-at="2018-04-25T12:16:33Z" finished-at="2018-04-25T12:16:33Z">
          <params>
            <param index="0">
              <value>
                <![CDATA[org.testng.TestRunner@10289886]]>
              </value>
            </param>
          </params>
          <reporter-output>
          </reporter-output>
        </test-method> <!-- testClassTeardown -->
        <test-method status="PASS" signature="testTeardown()[pri:0, instance:com.test.LoginPageTest@3b81a1bc]" name="testTeardown" is-config="true" duration-ms="2977" started-at="2018-04-25T12:16:33Z" finished-at="2018-04-25T12:16:36Z">
          <reporter-output>
          </reporter-output>
        </test-method> <!-- testTeardown -->
      </class> <!-- com.test.LoginPageTest -->
    </test> <!-- LoginApp - Browser - Microsoft Edge -->
    <test name="LoginApp - Browser - Chrome" duration-ms="10112" started-at="2018-04-25T16:16:36Z" finished-at="2018-04-25T16:16:46Z">
      <class name="com.test.LoginPageTest">
        <test-method status="PASS" signature="suiteTeardown()[pri:0, instance:com.test.LoginPageTest@1936f0f5]" name="suiteTeardown" is-config="true" duration-ms="8" started-at="2018-04-25T12:16:29Z" finished-at="2018-04-25T12:16:29Z">
          <reporter-output>
          </reporter-output>
        </test-method> <!-- suiteTeardown -->
        <test-method status="PASS" signature="testSetup(java.lang.String, java.lang.String, java.lang.String, java.lang.String, org.testng.ITestContext)[pri:0, instance:com.test.LoginPageTest@1936f0f5]" name="testSetup" is-config="true" duration-ms="3851" started-at="2018-04-25T12:16:36Z" finished-at="2018-04-25T12:16:40Z">
          <params>
            <param index="0">
              <value>
                <![CDATA[chrome]]>
              </value>
            </param>
            <param index="1">
              <value>
                <![CDATA[Windows 10]]>
              </value>
            </param>
            <param index="2">
              <value is-null="true"/>
            </param>
            <param index="3">
              <value is-null="true"/>
            </param>
            <param index="4">
              <value>
                <![CDATA[org.testng.TestRunner@5c86dbc5]]>
              </value>
            </param>
          </params>
          <reporter-output>
          </reporter-output>
        </test-method> <!-- testSetup -->
        <test-method status="PASS" signature="testClassSetup(org.testng.ITestContext)[pri:0, instance:com.test.LoginPageTest@1936f0f5]" name="testClassSetup" is-config="true" duration-ms="3462" started-at="2018-04-25T12:16:40Z" finished-at="2018-04-25T12:16:43Z">
          <params>
            <param index="0">
              <value>
                <![CDATA[org.testng.TestRunner@5c86dbc5]]>
              </value>
            </param>
          </params>
          <reporter-output>
          </reporter-output>
        </test-method> <!-- testClassSetup -->
        <test-method status="PASS" signature="testMethodSetup(org.testng.ITestResult)[pri:0, instance:com.test.LoginPageTest@1936f0f5]" name="testMethodSetup" is-config="true" duration-ms="0" started-at="2018-04-25T12:16:43Z" finished-at="2018-04-25T12:16:43Z">
          <params>
            <param index="0">
              <value>
                <![CDATA[[TestResult name=TestCase1_Login_Verify status=SUCCESS method=LoginPageTest.TestCase1_Login_Verify(java.lang.String, java.lang.String, org.json.simple.JSONObject)[pri:0, instance:com.test.LoginPageTest@1936f0f5] output={null}]]]>
              </value>
            </param>
          </params>
          <reporter-output>
          </reporter-output>
        </test-method> <!-- testMethodSetup -->
        <test-method status="PASS" signature="TestCase1_Login_Verify(java.lang.String, java.lang.String, org.json.simple.JSONObject)[pri:0, instance:com.test.LoginPageTest@1936f0f5]" name="TestCase1_Login_Verify" duration-ms="1097" started-at="2018-04-25T12:16:43Z" data-provider="fetchData_JSON" finished-at="2018-04-25T12:16:44Z">
          <params>
            <param index="0">
              <value>
                <![CDATA[TestCase1_Login_Verify.01]]>
              </value>
            </param>
            <param index="1">
              <value>
                <![CDATA[Login to Account with correct crdentials]]>
              </value>
            </param>
            <param index="2">
              <value>
                <![CDATA[{"password":"Welcome","description":"Login to Account with correct crdentials","rowID":"TestCase1_Login_Verify.01","username":"Welcome"}]]>
              </value>
            </param>
          </params>
          <reporter-output>
          </reporter-output>
        </test-method> <!-- TestCase1_Login_Verify -->
        <test-method status="PASS" signature="testMethodTeardown(org.testng.ITestResult)[pri:0, instance:com.test.LoginPageTest@1936f0f5]" name="testMethodTeardown" is-config="true" duration-ms="8" started-at="2018-04-25T12:16:44Z" finished-at="2018-04-25T12:16:44Z">
          <params>
            <param index="0">
              <value>
                <![CDATA[[TestResult name=TestCase1_Login_Verify status=SUCCESS method=LoginPageTest.TestCase1_Login_Verify(java.lang.String, java.lang.String, org.json.simple.JSONObject)[pri:0, instance:com.test.LoginPageTest@1936f0f5] output={null}]]]>
              </value>
            </param>
          </params>
          <reporter-output>
          </reporter-output>
        </test-method> <!-- testMethodTeardown -->
        <test-method status="PASS" signature="testMethodSetup(org.testng.ITestResult)[pri:0, instance:com.test.LoginPageTest@1936f0f5]" name="testMethodSetup" is-config="true" duration-ms="1" started-at="2018-04-25T12:16:44Z" finished-at="2018-04-25T12:16:44Z">
          <params>
            <param index="0">
              <value>
                <![CDATA[[TestResult name=TestCase1_Login_Verify status=SUCCESS method=LoginPageTest.TestCase1_Login_Verify(java.lang.String, java.lang.String, org.json.simple.JSONObject)[pri:0, instance:com.test.LoginPageTest@1936f0f5] output={null}]]]>
              </value>
            </param>
          </params>
          <reporter-output>
          </reporter-output>
        </test-method> <!-- testMethodSetup -->
        <test-method status="PASS" signature="TestCase1_Login_Verify(java.lang.String, java.lang.String, org.json.simple.JSONObject)[pri:0, instance:com.test.LoginPageTest@1936f0f5]" name="TestCase1_Login_Verify" duration-ms="1039" started-at="2018-04-25T12:16:44Z" data-provider="fetchData_JSON" finished-at="2018-04-25T12:16:45Z">
          <params>
            <param index="0">
              <value>
                <![CDATA[TestCase1_Login_Verify.02]]>
              </value>
            </param>
            <param index="1">
              <value>
                <![CDATA[Login to Account with incorrect credentials]]>
              </value>
            </param>
            <param index="2">
              <value>
                <![CDATA[{"password":"Welcome","description":"Login to Account with incorrect credentials","rowID":"TestCase1_Login_Verify.02","username":"Welcome"}]]>
              </value>
            </param>
          </params>
          <reporter-output>
          </reporter-output>
        </test-method> <!-- TestCase1_Login_Verify -->
        <test-method status="PASS" signature="testMethodTeardown(org.testng.ITestResult)[pri:0, instance:com.test.LoginPageTest@1936f0f5]" name="testMethodTeardown" is-config="true" duration-ms="7" started-at="2018-04-25T12:16:45Z" finished-at="2018-04-25T12:16:45Z">
          <params>
            <param index="0">
              <value>
                <![CDATA[[TestResult name=TestCase1_Login_Verify status=SUCCESS method=LoginPageTest.TestCase1_Login_Verify(java.lang.String, java.lang.String, org.json.simple.JSONObject)[pri:0, instance:com.test.LoginPageTest@1936f0f5] output={null}]]]>
              </value>
            </param>
          </params>
          <reporter-output>
          </reporter-output>
        </test-method> <!-- testMethodTeardown -->
        <test-method status="PASS" signature="testTeardown()[pri:0, instance:com.test.LoginPageTest@1936f0f5]" name="testTeardown" is-config="true" duration-ms="646" started-at="2018-04-25T12:16:45Z" finished-at="2018-04-25T12:16:46Z">
          <reporter-output>
          </reporter-output>
        </test-method> <!-- testTeardown -->
        <test-method status="PASS" signature="testClassTeardown(org.testng.ITestContext)[pri:0, instance:com.test.LoginPageTest@1936f0f5]" name="testClassTeardown" is-config="true" duration-ms="0" started-at="2018-04-25T12:16:45Z" finished-at="2018-04-25T12:16:45Z">
          <params>
            <param index="0">
              <value>
                <![CDATA[org.testng.TestRunner@5c86dbc5]]>
              </value>
            </param>
          </params>
          <reporter-output>
          </reporter-output>
        </test-method> <!-- testClassTeardown -->
        <test-method status="PASS" signature="suiteTeardown()[pri:0, instance:com.test.LoginPageTest@1936f0f5]" name="suiteTeardown" is-config="true" duration-ms="1" started-at="2018-04-25T12:16:46Z" finished-at="2018-04-25T12:16:46Z">
          <reporter-output>
          </reporter-output>
        </test-method> <!-- suiteTeardown -->
      </class> <!-- com.test.LoginPageTest -->
    </test> <!-- LoginApp - Browser - Chrome -->
  </suite> <!-- LoginApp -->
</testng-results>
