<?xml version="1.0" encoding="UTF-8"?>
<testng-results skipped="0" failed="0" ignored="2" total="6" passed="4">
  <reporter-output>
  </reporter-output>
  <suite name="LoginApp" duration-ms="31426" started-at="2018-04-26T01:55:19Z" finished-at="2018-04-26T01:55:51Z">
    <groups>
      <group name="loginGroup">
        <method signature="LoginPageTest.TestCase1_Login_Verify(java.lang.String, java.lang.String, org.json.simple.JSONObject)[pri:0, instance:com.test.LoginPageTest@3b81a1bc]" name="TestCase1_Login_Verify" class="com.test.LoginPageTest"/>
        <method signature="LoginPageTest.TestCase1_Login_Verify(java.lang.String, java.lang.String, org.json.simple.JSONObject)[pri:0, instance:com.test.LoginPageTest@1936f0f5]" name="TestCase1_Login_Verify" class="com.test.LoginPageTest"/>
      </group> <!-- loginGroup -->
    </groups>
    <test name="LoginApp - Browser - Microsoft Edge" duration-ms="20681" started-at="2018-04-26T01:55:19Z" finished-at="2018-04-26T01:55:40Z">
      <class name="com.test.LoginPageTest">
        <test-method status="PASS" signature="testSetup(java.lang.String, java.lang.String, java.lang.String, java.lang.String, org.testng.ITestContext)[pri:0, instance:com.test.LoginPageTest@3b81a1bc]" name="testSetup" is-config="true" duration-ms="2569" started-at="2018-04-25T21:55:19Z" finished-at="2018-04-25T21:55:22Z">
          <params>
            <param index="0">
              <value>
                <![CDATA[edge]]>
              </value>
            </param>
            <param index="1">
              <value>
                <![CDATA[Windows 10]]>
              </value>
            </param>
            <param index="2">
              <value is-null="true"/>
            </param>
            <param index="3">
              <value is-null="true"/>
            </param>
            <param index="4">
              <value>
                <![CDATA[org.testng.TestRunner@10289886]]>
              </value>
            </param>
          </params>
          <reporter-output>
          </reporter-output>
        </test-method> <!-- testSetup -->
        <test-method status="PASS" signature="testClassSetup(org.testng.ITestContext)[pri:0, instance:com.test.LoginPageTest@3b81a1bc]" name="testClassSetup" is-config="true" duration-ms="14995" started-at="2018-04-25T21:55:22Z" finished-at="2018-04-25T21:55:37Z">
          <params>
            <param index="0">
              <value>
                <![CDATA[org.testng.TestRunner@10289886]]>
              </value>
            </param>
          </params>
          <reporter-output>
          </reporter-output>
        </test-method> <!-- testClassSetup -->
        <test-method status="PASS" signature="testMethodSetup(org.testng.ITestResult)[pri:0, instance:com.test.LoginPageTest@3b81a1bc]" name="testMethodSetup" is-config="true" duration-ms="0" started-at="2018-04-25T21:55:37Z" finished-at="2018-04-25T21:55:37Z">
          <params>
            <param index="0">
              <value>
                <![CDATA[[TestResult name=TestCase1_Login_Verify status=SUCCESS method=LoginPageTest.TestCase1_Login_Verify(java.lang.String, java.lang.String, org.json.simple.JSONObject)[pri:0, instance:com.test.LoginPageTest@3b81a1bc] output={null}]]]>
              </value>
            </param>
          </params>
          <reporter-output>
          </reporter-output>
        </test-method> <!-- testMethodSetup -->
        <test-method status="PASS" signature="TestCase1_Login_Verify(java.lang.String, java.lang.String, org.json.simple.JSONObject)[pri:0, instance:com.test.LoginPageTest@3b81a1bc]" name="TestCase1_Login_Verify" duration-ms="63" started-at="2018-04-25T21:55:37Z" data-provider="fetchData_JSON" finished-at="2018-04-25T21:55:37Z">
          <params>
            <param index="0">
              <value>
                <![CDATA[TestCase1_Login_Verify.01]]>
              </value>
            </param>
            <param index="1">
              <value>
                <![CDATA[Login to Account with correct crdentials]]>
              </value>
            </param>
            <param index="2">
              <value>
                <![CDATA[{"password":"Welcome","description":"Login to Account with correct crdentials","rowID":"TestCase1_Login_Verify.01","username":"Welcome"}]]>
              </value>
            </param>
          </params>
          <reporter-output>
          </reporter-output>
        </test-method> <!-- TestCase1_Login_Verify -->
        <test-method status="PASS" signature="testMethodTeardown(org.testng.ITestResult)[pri:0, instance:com.test.LoginPageTest@3b81a1bc]" name="testMethodTeardown" is-config="true" duration-ms="10" started-at="2018-04-25T21:55:37Z" finished-at="2018-04-25T21:55:37Z">
          <params>
            <param index="0">
              <value>
                <![CDATA[[TestResult name=TestCase1_Login_Verify status=SUCCESS method=LoginPageTest.TestCase1_Login_Verify(java.lang.String, java.lang.String, org.json.simple.JSONObject)[pri:0, instance:com.test.LoginPageTest@3b81a1bc] output={null}]]]>
              </value>
            </param>
          </params>
          <reporter-output>
          </reporter-output>
        </test-method> <!-- testMethodTeardown -->
        <test-method status="PASS" signature="testMethodSetup(org.testng.ITestResult)[pri:0, instance:com.test.LoginPageTest@3b81a1bc]" name="testMethodSetup" is-config="true" duration-ms="0" started-at="2018-04-25T21:55:37Z" finished-at="2018-04-25T21:55:37Z">
          <params>
            <param index="0">
              <value>
                <![CDATA[[TestResult name=TestCase1_Login_Verify status=SUCCESS method=LoginPageTest.TestCase1_Login_Verify(java.lang.String, java.lang.String, org.json.simple.JSONObject)[pri:0, instance:com.test.LoginPageTest@3b81a1bc] output={null}]]]>
              </value>
            </param>
          </params>
          <reporter-output>
          </reporter-output>
        </test-method> <!-- testMethodSetup -->
        <test-method status="PASS" signature="TestCase1_Login_Verify(java.lang.String, java.lang.String, org.json.simple.JSONObject)[pri:0, instance:com.test.LoginPageTest@3b81a1bc]" name="TestCase1_Login_Verify" duration-ms="53" started-at="2018-04-25T21:55:37Z" data-provider="fetchData_JSON" finished-at="2018-04-25T21:55:37Z">
          <params>
            <param index="0">
              <value>
                <![CDATA[TestCase1_Login_Verify.02]]>
              </value>
            </param>
            <param index="1">
              <value>
                <![CDATA[Login to Account with incorrect credentials]]>
              </value>
            </param>
            <param index="2">
              <value>
                <![CDATA[{"password":"Welcome","description":"Login to Account with incorrect credentials","rowID":"TestCase1_Login_Verify.02","username":"Welcome"}]]>
              </value>
            </param>
          </params>
          <reporter-output>
          </reporter-output>
        </test-method> <!-- TestCase1_Login_Verify -->
        <test-method status="PASS" signature="testMethodTeardown(org.testng.ITestResult)[pri:0, instance:com.test.LoginPageTest@3b81a1bc]" name="testMethodTeardown" is-config="true" duration-ms="5" started-at="2018-04-25T21:55:37Z" finished-at="2018-04-25T21:55:37Z">
          <params>
            <param index="0">
              <value>
                <![CDATA[[TestResult name=TestCase1_Login_Verify status=SUCCESS method=LoginPageTest.TestCase1_Login_Verify(java.lang.String, java.lang.String, org.json.simple.JSONObject)[pri:0, instance:com.test.LoginPageTest@3b81a1bc] output={null}]]]>
              </value>
            </param>
          </params>
          <reporter-output>
          </reporter-output>
        </test-method> <!-- testMethodTeardown -->
        <test-method status="PASS" signature="testClassTeardown(org.testng.ITestContext)[pri:0, instance:com.test.LoginPageTest@3b81a1bc]" name="testClassTeardown" is-config="true" duration-ms="0" started-at="2018-04-25T21:55:37Z" finished-at="2018-04-25T21:55:37Z">
          <params>
            <param index="0">
              <value>
                <![CDATA[org.testng.TestRunner@10289886]]>
              </value>
            </param>
          </params>
          <reporter-output>
          </reporter-output>
        </test-method> <!-- testClassTeardown -->
        <test-method status="PASS" signature="testTeardown()[pri:0, instance:com.test.LoginPageTest@3b81a1bc]" name="testTeardown" is-config="true" duration-ms="2957" started-at="2018-04-25T21:55:37Z" finished-at="2018-04-25T21:55:40Z">
          <reporter-output>
          </reporter-output>
        </test-method> <!-- testTeardown -->
      </class> <!-- com.test.LoginPageTest -->
    </test> <!-- LoginApp - Browser - Microsoft Edge -->
    <test name="LoginApp - Browser - Chrome" duration-ms="10657" started-at="2018-04-26T01:55:40Z" finished-at="2018-04-26T01:55:51Z">
      <class name="com.test.LoginPageTest">
        <test-method status="PASS" signature="suiteTeardown()[pri:0, instance:com.test.LoginPageTest@1936f0f5]" name="suiteTeardown" is-config="true" duration-ms="7" started-at="2018-04-25T21:55:19Z" finished-at="2018-04-25T21:55:19Z">
          <reporter-output>
          </reporter-output>
        </test-method> <!-- suiteTeardown -->
        <test-method status="PASS" signature="testSetup(java.lang.String, java.lang.String, java.lang.String, java.lang.String, org.testng.ITestContext)[pri:0, instance:com.test.LoginPageTest@1936f0f5]" name="testSetup" is-config="true" duration-ms="3640" started-at="2018-04-25T21:55:40Z" finished-at="2018-04-25T21:55:43Z">
          <params>
            <param index="0">
              <value>
                <![CDATA[chrome]]>
              </value>
            </param>
            <param index="1">
              <value>
                <![CDATA[Windows 10]]>
              </value>
            </param>
            <param index="2">
              <value is-null="true"/>
            </param>
            <param index="3">
              <value is-null="true"/>
            </param>
            <param index="4">
              <value>
                <![CDATA[org.testng.TestRunner@5c86dbc5]]>
              </value>
            </param>
          </params>
          <reporter-output>
          </reporter-output>
        </test-method> <!-- testSetup -->
        <test-method status="PASS" signature="testClassSetup(org.testng.ITestContext)[pri:0, instance:com.test.LoginPageTest@1936f0f5]" name="testClassSetup" is-config="true" duration-ms="4440" started-at="2018-04-25T21:55:43Z" finished-at="2018-04-25T21:55:48Z">
          <params>
            <param index="0">
              <value>
                <![CDATA[org.testng.TestRunner@5c86dbc5]]>
              </value>
            </param>
          </params>
          <reporter-output>
          </reporter-output>
        </test-method> <!-- testClassSetup -->
        <test-method status="PASS" signature="testMethodSetup(org.testng.ITestResult)[pri:0, instance:com.test.LoginPageTest@1936f0f5]" name="testMethodSetup" is-config="true" duration-ms="0" started-at="2018-04-25T21:55:48Z" finished-at="2018-04-25T21:55:48Z">
          <params>
            <param index="0">
              <value>
                <![CDATA[[TestResult name=TestCase1_Login_Verify status=SUCCESS method=LoginPageTest.TestCase1_Login_Verify(java.lang.String, java.lang.String, org.json.simple.JSONObject)[pri:0, instance:com.test.LoginPageTest@1936f0f5] output={null}]]]>
              </value>
            </param>
          </params>
          <reporter-output>
          </reporter-output>
        </test-method> <!-- testMethodSetup -->
        <test-method status="PASS" signature="TestCase1_Login_Verify(java.lang.String, java.lang.String, org.json.simple.JSONObject)[pri:0, instance:com.test.LoginPageTest@1936f0f5]" name="TestCase1_Login_Verify" duration-ms="994" started-at="2018-04-25T21:55:48Z" data-provider="fetchData_JSON" finished-at="2018-04-25T21:55:49Z">
          <params>
            <param index="0">
              <value>
                <![CDATA[TestCase1_Login_Verify.01]]>
              </value>
            </param>
            <param index="1">
              <value>
                <![CDATA[Login to Account with correct crdentials]]>
              </value>
            </param>
            <param index="2">
              <value>
                <![CDATA[{"password":"Welcome","description":"Login to Account with correct crdentials","rowID":"TestCase1_Login_Verify.01","username":"Welcome"}]]>
              </value>
            </param>
          </params>
          <reporter-output>
          </reporter-output>
        </test-method> <!-- TestCase1_Login_Verify -->
        <test-method status="PASS" signature="testMethodTeardown(org.testng.ITestResult)[pri:0, instance:com.test.LoginPageTest@1936f0f5]" name="testMethodTeardown" is-config="true" duration-ms="23" started-at="2018-04-25T21:55:49Z" finished-at="2018-04-25T21:55:49Z">
          <params>
            <param index="0">
              <value>
                <![CDATA[[TestResult name=TestCase1_Login_Verify status=SUCCESS method=LoginPageTest.TestCase1_Login_Verify(java.lang.String, java.lang.String, org.json.simple.JSONObject)[pri:0, instance:com.test.LoginPageTest@1936f0f5] output={null}]]]>
              </value>
            </param>
          </params>
          <reporter-output>
          </reporter-output>
        </test-method> <!-- testMethodTeardown -->
        <test-method status="PASS" signature="TestCase1_Login_Verify(java.lang.String, java.lang.String, org.json.simple.JSONObject)[pri:0, instance:com.test.LoginPageTest@1936f0f5]" name="TestCase1_Login_Verify" duration-ms="875" started-at="2018-04-25T21:55:49Z" data-provider="fetchData_JSON" finished-at="2018-04-25T21:55:50Z">
          <params>
            <param index="0">
              <value>
                <![CDATA[TestCase1_Login_Verify.02]]>
              </value>
            </param>
            <param index="1">
              <value>
                <![CDATA[Login to Account with incorrect credentials]]>
              </value>
            </param>
            <param index="2">
              <value>
                <![CDATA[{"password":"Welcome","description":"Login to Account with incorrect credentials","rowID":"TestCase1_Login_Verify.02","username":"Welcome"}]]>
              </value>
            </param>
          </params>
          <reporter-output>
          </reporter-output>
        </test-method> <!-- TestCase1_Login_Verify -->
        <test-method status="PASS" signature="testMethodSetup(org.testng.ITestResult)[pri:0, instance:com.test.LoginPageTest@1936f0f5]" name="testMethodSetup" is-config="true" duration-ms="0" started-at="2018-04-25T21:55:49Z" finished-at="2018-04-25T21:55:49Z">
          <params>
            <param index="0">
              <value>
                <![CDATA[[TestResult name=TestCase1_Login_Verify status=SUCCESS method=LoginPageTest.TestCase1_Login_Verify(java.lang.String, java.lang.String, org.json.simple.JSONObject)[pri:0, instance:com.test.LoginPageTest@1936f0f5] output={null}]]]>
              </value>
            </param>
          </params>
          <reporter-output>
          </reporter-output>
        </test-method> <!-- testMethodSetup -->
        <test-method status="PASS" signature="testMethodTeardown(org.testng.ITestResult)[pri:0, instance:com.test.LoginPageTest@1936f0f5]" name="testMethodTeardown" is-config="true" duration-ms="18" started-at="2018-04-25T21:55:50Z" finished-at="2018-04-25T21:55:50Z">
          <params>
            <param index="0">
              <value>
                <![CDATA[[TestResult name=TestCase1_Login_Verify status=SUCCESS method=LoginPageTest.TestCase1_Login_Verify(java.lang.String, java.lang.String, org.json.simple.JSONObject)[pri:0, instance:com.test.LoginPageTest@1936f0f5] output={null}]]]>
              </value>
            </param>
          </params>
          <reporter-output>
          </reporter-output>
        </test-method> <!-- testMethodTeardown -->
        <test-method status="PASS" signature="testTeardown()[pri:0, instance:com.test.LoginPageTest@1936f0f5]" name="testTeardown" is-config="true" duration-ms="661" started-at="2018-04-25T21:55:50Z" finished-at="2018-04-25T21:55:51Z">
          <reporter-output>
          </reporter-output>
        </test-method> <!-- testTeardown -->
        <test-method status="PASS" signature="testClassTeardown(org.testng.ITestContext)[pri:0, instance:com.test.LoginPageTest@1936f0f5]" name="testClassTeardown" is-config="true" duration-ms="0" started-at="2018-04-25T21:55:50Z" finished-at="2018-04-25T21:55:50Z">
          <params>
            <param index="0">
              <value>
                <![CDATA[org.testng.TestRunner@5c86dbc5]]>
              </value>
            </param>
          </params>
          <reporter-output>
          </reporter-output>
        </test-method> <!-- testClassTeardown -->
        <test-method status="PASS" signature="suiteTeardown()[pri:0, instance:com.test.LoginPageTest@1936f0f5]" name="suiteTeardown" is-config="true" duration-ms="1" started-at="2018-04-25T21:55:51Z" finished-at="2018-04-25T21:55:51Z">
          <reporter-output>
          </reporter-output>
        </test-method> <!-- suiteTeardown -->
      </class> <!-- com.test.LoginPageTest -->
    </test> <!-- LoginApp - Browser - Chrome -->
  </suite> <!-- LoginApp -->
</testng-results>
