<?xml version="1.0" encoding="UTF-8"?>
<testng-results skipped="0" failed="0" ignored="4" total="4" passed="0">
  <reporter-output>
  </reporter-output>
  <suite name="LoginApp" duration-ms="9514" started-at="2018-04-25T15:48:59Z" finished-at="2018-04-25T15:49:08Z">
    <groups>
    </groups>
    <test name="LoginApp - Browser - Microsoft Edge" duration-ms="5256" started-at="2018-04-25T15:48:59Z" finished-at="2018-04-25T15:49:04Z">
      <class name="com.test.LoginPageTest">
        <test-method status="PASS" signature="testSetup(java.lang.String, java.lang.String, java.lang.String, java.lang.String, org.testng.ITestContext)[pri:0, instance:com.test.LoginPageTest@4dfa3a9d]" name="testSetup" is-config="true" duration-ms="2418" started-at="2018-04-25T11:48:59Z" finished-at="2018-04-25T11:49:01Z">
          <params>
            <param index="0">
              <value>
                <![CDATA[edge]]>
              </value>
            </param>
            <param index="1">
              <value>
                <![CDATA[Windows 10]]>
              </value>
            </param>
            <param index="2">
              <value is-null="true"/>
            </param>
            <param index="3">
              <value is-null="true"/>
            </param>
            <param index="4">
              <value>
                <![CDATA[org.testng.TestRunner@79defdc]]>
              </value>
            </param>
          </params>
          <reporter-output>
          </reporter-output>
        </test-method> <!-- testSetup -->
        <test-method status="PASS" signature="testTeardown()[pri:0, instance:com.test.LoginPageTest@4dfa3a9d]" name="testTeardown" is-config="true" duration-ms="2833" started-at="2018-04-25T11:49:01Z" finished-at="2018-04-25T11:49:04Z">
          <reporter-output>
          </reporter-output>
        </test-method> <!-- testTeardown -->
      </class> <!-- com.test.LoginPageTest -->
    </test> <!-- LoginApp - Browser - Microsoft Edge -->
    <test name="LoginApp - Browser - Chrome" duration-ms="4166" started-at="2018-04-25T15:49:04Z" finished-at="2018-04-25T15:49:08Z">
      <class name="com.test.LoginPageTest">
        <test-method status="PASS" signature="suiteTeardown()[pri:0, instance:com.test.LoginPageTest@56ac3a89]" name="suiteTeardown" is-config="true" duration-ms="9" started-at="2018-04-25T11:48:59Z" finished-at="2018-04-25T11:48:59Z">
          <reporter-output>
          </reporter-output>
        </test-method> <!-- suiteTeardown -->
        <test-method status="PASS" signature="testSetup(java.lang.String, java.lang.String, java.lang.String, java.lang.String, org.testng.ITestContext)[pri:0, instance:com.test.LoginPageTest@56ac3a89]" name="testSetup" is-config="true" duration-ms="3442" started-at="2018-04-25T11:49:04Z" finished-at="2018-04-25T11:49:08Z">
          <params>
            <param index="0">
              <value>
                <![CDATA[chrome]]>
              </value>
            </param>
            <param index="1">
              <value>
                <![CDATA[Windows 10]]>
              </value>
            </param>
            <param index="2">
              <value is-null="true"/>
            </param>
            <param index="3">
              <value is-null="true"/>
            </param>
            <param index="4">
              <value>
                <![CDATA[org.testng.TestRunner@18317edc]]>
              </value>
            </param>
          </params>
          <reporter-output>
          </reporter-output>
        </test-method> <!-- testSetup -->
        <test-method status="PASS" signature="testTeardown()[pri:0, instance:com.test.LoginPageTest@56ac3a89]" name="testTeardown" is-config="true" duration-ms="723" started-at="2018-04-25T11:49:08Z" finished-at="2018-04-25T11:49:08Z">
          <reporter-output>
          </reporter-output>
        </test-method> <!-- testTeardown -->
        <test-method status="PASS" signature="suiteTeardown()[pri:0, instance:com.test.LoginPageTest@56ac3a89]" name="suiteTeardown" is-config="true" duration-ms="0" started-at="2018-04-25T11:49:08Z" finished-at="2018-04-25T11:49:08Z">
          <reporter-output>
          </reporter-output>
        </test-method> <!-- suiteTeardown -->
      </class> <!-- com.test.LoginPageTest -->
    </test> <!-- LoginApp - Browser - Chrome -->
  </suite> <!-- LoginApp -->
</testng-results>
